[13:34:10] [main/INFO] (FabricLoader/GameProvider) Loading Minecraft 1.21.11 with Fabric Loader 0.18.4
[13:34:10] [main/INFO] (FabricLoader) Loading 51 mods:
	- fabric-api 0.141.2+1.21.11
	- fabric-api-base 1.0.5+4ebb5c083e
	- fabric-api-lookup-api-v1 1.6.113+1fb1cde93e
	- fabric-biome-api-v1 17.1.1+4fc5413f3e
	- fabric-block-api-v1 1.1.10+4ebb5c083e
	- fabric-block-view-api-v2 1.0.39+4ebb5c083e
	- fabric-client-gametest-api-v1 4.3.5+bfe9fcf43e
	- fabric-command-api-v2 2.4.7+6b42a6003e
	- fabric-content-registries-v0 10.2.14+4fc5413f3e
	- fabric-convention-tags-v1 2.1.55+7f945d5b3e
	- fabric-convention-tags-v2 2.17.3+8ef948ba3e
	- fabric-crash-report-info-v1 0.3.23+4ebb5c083e
	- fabric-data-attachment-api-v1 1.8.47+eed0806f3e
	- fabric-data-generation-api-v1 23.4.0+69974c4e3e
	- fabric-dimensions-v1 4.0.28+4fc5413f3e
	- fabric-entity-events-v1 3.1.1+1d0ab4303e
	- fabric-events-interaction-v0 4.1.0+3b89ecf63e
	- fabric-game-rule-api-v1 2.0.3+4fc5413f3e
	- fabric-gametest-api-v1 3.1.27+4fc5413f3e
	- fabric-item-api-v1 11.5.20+d0c46b9e3e
	- fabric-item-group-api-v1 4.2.36+4fc5413f3e
	- fabric-key-binding-api-v1 1.1.7+4fc5413f3e
	- fabric-lifecycle-events-v1 2.6.15+4ebb5c083e
	- fabric-loot-api-v2 3.0.73+3f89f5a53e
	- fabric-loot-api-v3 2.0.20+78c8b4663e
	- fabric-message-api-v1 6.1.12+4ebb5c083e
	- fabric-model-loading-api-v1 6.0.14+4fc5413f3e
	- fabric-networking-api-v1 5.1.5+ae1e07683e
	- fabric-object-builder-api-v1 21.1.39+4fc5413f3e
	- fabric-particles-v1 4.2.11+4fc5413f3e
	- fabric-recipe-api-v1 8.2.3+4ebb5c083e
	- fabric-registry-sync-v0 6.2.5+1718722b3e
	- fabric-renderer-api-v1 8.0.2+f4ffd2e53e
	- fabric-renderer-indigo 5.0.2+f4ffd2e53e
	- fabric-rendering-fluids-v1 3.1.43+4ebb5c083e
	- fabric-rendering-v1 16.2.9+7edacff13e
	- fabric-resource-conditions-api-v1 5.0.35+4fc5413f3e
	- fabric-resource-loader-v0 3.3.4+4fc5413f3e
	- fabric-resource-loader-v1 1.0.10+78c8b4663e
	- fabric-screen-api-v1 3.1.7+4ebb5c083e
	- fabric-screen-handler-api-v1 1.3.161+4fc5413f3e
	- fabric-serialization-api-v1 1.0.5+4ebb5c083e
	- fabric-sound-api-v1 1.0.51+4fc5413f3e
	- fabric-tag-api-v1 1.2.20+4fc5413f3e
	- fabric-transfer-api-v1 6.0.24+4fc5413f3e
	- fabric-transitive-access-wideners-v1 7.1.0+014c8cec3e
	- fabricloader 0.18.4
	- java 21
	- minecraft 1.21.11
	- mixinextras 0.5.0
	- vestiges 1.0.0
[13:34:10] [main/INFO] (FabricLoader/Mixin) SpongePowered MIXIN Subsystem Version=0.8.7 Source=file:/Users/artemsyrnikov/.gradle/caches/modules-2/files-2.1/net.fabricmc/sponge-mixin/0.17.0+mixin.0.8.7/cf31463202f72d03b0ef1e1e38e8ee71b7faaab6/sponge-mixin-0.17.0+mixin.0.8.7.jar Service=Knot/Fabric Env=CLIENT
[13:34:11] [main/INFO] (FabricLoader/Mixin) Loaded Fabric development mappings for mixin remapper!
[13:34:11] [main/INFO] (FabricLoader/Mixin) Compatibility level set to JAVA_21
[13:34:11] [main/INFO] (FabricLoader/MixinExtras|Service) Initializing MixinExtras via com.llamalad7.mixinextras.service.MixinExtrasServiceImpl(version=0.5.0).
[13:34:12] [Datafixer Bootstrap/INFO] (Minecraft) 287 Datafixer optimizations took 228 milliseconds
[13:34:16] [Render thread/INFO] (Minecraft) Environment: Environment[sessionHost=https://sessionserver.mojang.com, servicesHost=https://api.minecraftservices.com, profilesHost=https://api.mojang.com, name=PROD]
[13:34:16] [Render thread/INFO] (Minecraft) Setting user: Player424
[13:34:16] [Render thread/INFO] (vestiges) Loaded Vestiges grass variants.
[13:34:16] [Render thread/INFO] (Indigo) [Indigo] Registering Indigo renderer!
[13:34:16] [Render thread/INFO] (Minecraft) Backend library: LWJGL version 3.3.3-snapshot
[13:34:16] [Download-2/ERROR] (Minecraft) Failed to fetch user properties
com.mojang.authlib.exceptions.InvalidCredentialsException: Status: 401
	at knot//com.mojang.authlib.exceptions.MinecraftClientHttpException.toAuthenticationException(MinecraftClientHttpException.java:59)
	at knot//com.mojang.authlib.yggdrasil.YggdrasilUserApiService.fetchProperties(YggdrasilUserApiService.java:150)
	at knot//net.minecraft.client.MinecraftClient.method_55608(MinecraftClient.java:457)
	at java.base/java.util.concurrent.CompletableFuture$AsyncSupply.run(Unknown Source)
	at java.base/java.util.concurrent.ThreadPoolExecutor.runWorker(Unknown Source)
	at java.base/java.util.concurrent.ThreadPoolExecutor$Worker.run(Unknown Source)
	at java.base/java.lang.Thread.run(Unknown Source)
Caused by: com.mojang.authlib.exceptions.MinecraftClientHttpException: Status: 401
	at knot//com.mojang.authlib.minecraft.client.MinecraftClient.readInputStream(MinecraftClient.java:103)
	at knot//com.mojang.authlib.minecraft.client.MinecraftClient.get(MinecraftClient.java:56)
	at knot//com.mojang.authlib.yggdrasil.YggdrasilUserApiService.fetchProperties(YggdrasilUserApiService.java:121)
	... 5 more
[13:34:17] [Render thread/INFO] (Minecraft) Using optional rendering extensions: GL_EXT_texture_filter_anisotropic
[13:34:18] [Download-2/INFO] (Minecraft) Could not authorize you against Realms server: java.lang.RuntimeException: Failed to parse into SignedJWT: FabricMC
[13:34:18] [Download-2/ERROR] (Minecraft) Failed to fetch Realms feature flags
net.minecraft.client.realms.exception.RealmsServiceException: Realms authentication error with message 'java.lang.RuntimeException: Failed to parse into SignedJWT: FabricMC'
	at knot//net.minecraft.client.realms.RealmsClient.execute(RealmsClient.java:526)
	at knot//net.minecraft.client.realms.RealmsClient.fetchFeatureFlags(RealmsClient.java:186)
	at java.base/java.util.concurrent.CompletableFuture$AsyncSupply.run(Unknown Source)
	at java.base/java.util.concurrent.ThreadPoolExecutor.runWorker(Unknown Source)
	at java.base/java.util.concurrent.ThreadPoolExecutor$Worker.run(Unknown Source)
	at java.base/java.lang.Thread.run(Unknown Source)
[13:34:18] [Render thread/INFO] (Minecraft) Reloading ResourceManager: vanilla, fabric-api, fabric-api-base, fabric-api-lookup-api-v1, fabric-biome-api-v1, fabric-block-api-v1, fabric-block-view-api-v2, fabric-client-gametest-api-v1, fabric-command-api-v2, fabric-content-registries-v0, fabric-convention-tags-v1, fabric-convention-tags-v2, fabric-crash-report-info-v1, fabric-data-attachment-api-v1, fabric-data-generation-api-v1, fabric-dimensions-v1, fabric-entity-events-v1, fabric-events-interaction-v0, fabric-game-rule-api-v1, fabric-gametest-api-v1, fabric-item-api-v1, fabric-item-group-api-v1, fabric-key-binding-api-v1, fabric-lifecycle-events-v1, fabric-loot-api-v2, fabric-loot-api-v3, fabric-message-api-v1, fabric-model-loading-api-v1, fabric-networking-api-v1, fabric-object-builder-api-v1, fabric-particles-v1, fabric-recipe-api-v1, fabric-registry-sync-v0, fabric-renderer-api-v1, fabric-renderer-indigo, fabric-rendering-fluids-v1, fabric-rendering-v1, fabric-resource-conditions-api-v1, fabric-resource-loader-v0, fabric-resource-loader-v1, fabric-screen-api-v1, fabric-screen-handler-api-v1, fabric-serialization-api-v1, fabric-sound-api-v1, fabric-tag-api-v1, fabric-transfer-api-v1, fabric-transitive-access-wideners-v1, fabricloader, vestiges
[13:34:18] [Worker-Main-2/INFO] (Minecraft) Found unifont_all_no_pua-17.0.01.hex, loading
[13:34:18] [Worker-Main-5/INFO] (Minecraft) Found unifont_pua-17.0.01.hex, loading
[13:34:19] [Worker-Main-2/INFO] (Minecraft) Found unifont_jp_patch-17.0.01.hex, loading
[13:34:19] [Worker-Main-5/WARN] (Minecraft) Missing texture references in model vestiges:block/pebble_small:
    #missing
    particle
[13:34:19] [Worker-Main-5/WARN] (Minecraft) Missing texture references in model vestiges:block/pebble_flat:
    #missing
    particle
[13:34:19] [Worker-Main-5/WARN] (Minecraft) Missing texture references in model vestiges:block/pebble_large:
    #missing
    particle
[13:34:19] [Render thread/INFO] (Minecraft) Info log when linking program containing VS minecraft:core/rendertype_entity_shadow and FS minecraft:core/rendertype_entity_shadow. Log output: WARNING: Could not find vertex shader attribute 'UV1' to match BindAttributeLocation request.
WARNING: Could not find vertex shader attribute 'Normal' to match BindAttributeLocation request.
WARNING: Could not find vertex shader attribute 'UV2' to match BindAttributeLocation request.

[13:34:19] [Render thread/INFO] (Minecraft) Info log when linking program containing VS minecraft:core/terrain and FS minecraft:core/terrain. Log output: WARNING: Could not find vertex shader attribute 'Normal' to match BindAttributeLocation request.

[13:34:19] [Render thread/INFO] (Minecraft) Info log when linking program containing VS minecraft:core/block and FS minecraft:core/block. Log output: WARNING: Could not find vertex shader attribute 'Normal' to match BindAttributeLocation request.

[13:34:19] [Render thread/INFO] (Minecraft) Info log when linking program containing VS minecraft:core/rendertype_crumbling and FS minecraft:core/rendertype_crumbling. Log output: WARNING: Could not find vertex shader attribute 'Normal' to match BindAttributeLocation request.
WARNING: Output of vertex shader 'texCoord2' not read by fragment shader

[13:34:19] [Render thread/INFO] (Minecraft) Info log when linking program containing VS minecraft:core/entity and FS minecraft:core/entity. Log output: WARNING: Output of vertex shader 'overlayColor' not read by fragment shader

[13:34:19] [Render thread/INFO] (Minecraft) Info log when linking program containing VS minecraft:core/entity and FS minecraft:core/entity. Log output: WARNING: Could not find vertex shader attribute 'Normal' to match BindAttributeLocation request.
WARNING: Could not find vertex shader attribute 'UV2' to match BindAttributeLocation request.
WARNING: Output of vertex shader 'overlayColor' not read by fragment shader

[13:34:19] [Render thread/INFO] (Minecraft) Info log when linking program containing VS minecraft:core/entity and FS minecraft:core/entity. Log output: WARNING: Output of vertex shader 'overlayColor' not read by fragment shader

[13:34:19] [Render thread/INFO] (Minecraft) Info log when linking program containing VS minecraft:core/terrain and FS minecraft:core/terrain. Log output: WARNING: Could not find vertex shader attribute 'Normal' to match BindAttributeLocation request.

[13:34:19] [Render thread/INFO] (Minecraft) Info log when linking program containing VS minecraft:core/rendertype_entity_alpha and FS minecraft:core/rendertype_entity_alpha. Log output: WARNING: Could not find vertex shader attribute 'Normal' to match BindAttributeLocation request.
WARNING: Output of vertex shader 'texCoord1' not read by fragment shader
WARNING: Output of vertex shader 'texCoord2' not read by fragment shader

[13:34:19] [Render thread/INFO] (Minecraft) Info log when linking program containing VS minecraft:core/block and FS minecraft:core/block. Log output: WARNING: Could not find vertex shader attribute 'Normal' to match BindAttributeLocation request.

[13:34:19] [Render thread/INFO] (Minecraft) Info log when linking program containing VS minecraft:core/entity and FS minecraft:core/entity. Log output: WARNING: Could not find vertex shader attribute 'Normal' to match BindAttributeLocation request.
WARNING: Output of vertex shader 'overlayColor' not read by fragment shader

[13:34:19] [Render thread/INFO] (Minecraft) Info log when linking program containing VS minecraft:core/rendertype_text_see_through and FS minecraft:core/rendertype_text_see_through. Log output: WARNING: Could not find vertex shader attribute 'UV2' to match BindAttributeLocation request.

[13:34:19] [Render thread/INFO] (Minecraft) Info log when linking program containing VS minecraft:core/rendertype_beacon_beam and FS minecraft:core/rendertype_beacon_beam. Log output: WARNING: Could not find vertex shader attribute 'Normal' to match BindAttributeLocation request.
WARNING: Could not find vertex shader attribute 'UV2' to match BindAttributeLocation request.

[13:34:19] [Render thread/INFO] (Minecraft) Info log when linking program containing VS minecraft:core/entity and FS minecraft:core/entity. Log output: WARNING: Could not find vertex shader attribute 'UV2' to match BindAttributeLocation request.

[13:34:19] [Render thread/INFO] (Minecraft) Info log when linking program containing VS minecraft:core/block and FS minecraft:core/block. Log output: WARNING: Could not find vertex shader attribute 'Normal' to match BindAttributeLocation request.

[13:34:19] [Render thread/INFO] (Minecraft) Info log when linking program containing VS minecraft:core/animate_sprite and FS minecraft:core/animate_sprite_blit. Log output: WARNING: Output of vertex shader 'fAnimationProgress' not read by fragment shader

[13:34:19] [Render thread/INFO] (Minecraft) Info log when linking program containing VS minecraft:core/entity and FS minecraft:core/entity. Log output: WARNING: Output of vertex shader 'overlayColor' not read by fragment shader

[13:34:19] [Render thread/INFO] (Minecraft) Info log when linking program containing VS minecraft:core/entity and FS minecraft:core/entity. Log output: WARNING: Output of vertex shader 'overlayColor' not read by fragment shader

[13:34:19] [Render thread/INFO] (Minecraft) Info log when linking program containing VS minecraft:core/entity and FS minecraft:core/entity. Log output: WARNING: Could not find vertex shader attribute 'Normal' to match BindAttributeLocation request.
WARNING: Could not find vertex shader attribute 'UV2' to match BindAttributeLocation request.
WARNING: Output of vertex shader 'overlayColor' not read by fragment shader

[13:34:19] [Render thread/INFO] (Minecraft) Info log when linking program containing VS minecraft:core/terrain and FS minecraft:core/terrain. Log output: WARNING: Could not find vertex shader attribute 'Normal' to match BindAttributeLocation request.

[13:34:19] [Render thread/INFO] (Minecraft) Info log when linking program containing VS minecraft:core/rendertype_translucent_moving_block and FS minecraft:core/rendertype_translucent_moving_block. Log output: WARNING: Could not find vertex shader attribute 'Normal' to match BindAttributeLocation request.

[13:34:19] [Render thread/INFO] (Minecraft) Info log when linking program containing VS minecraft:core/rendertype_item_entity_translucent_cull and FS minecraft:core/rendertype_item_entity_translucent_cull. Log output: WARNING: Output of vertex shader 'texCoord1' not read by fragment shader
WARNING: Output of vertex shader 'texCoord2' not read by fragment shader

[13:34:19] [Render thread/INFO] (Minecraft) Info log when linking program containing VS minecraft:core/terrain and FS minecraft:core/terrain. Log output: WARNING: Could not find vertex shader attribute 'Normal' to match BindAttributeLocation request.

[13:34:19] [Render thread/INFO] (Minecraft) Info log when linking program containing VS minecraft:core/rendertype_text_intensity_see_through and FS minecraft:core/rendertype_text_intensity_see_through. Log output: WARNING: Could not find vertex shader attribute 'UV2' to match BindAttributeLocation request.

[13:34:19] [Render thread/INFO] (Minecraft) Info log when linking program containing VS minecraft:core/rendertype_beacon_beam and FS minecraft:core/rendertype_beacon_beam. Log output: WARNING: Could not find vertex shader attribute 'Normal' to match BindAttributeLocation request.
WARNING: Could not find vertex shader attribute 'UV2' to match BindAttributeLocation request.

[13:34:19] [Render thread/INFO] (Minecraft) Info log when linking program containing VS minecraft:core/terrain and FS minecraft:core/terrain. Log output: WARNING: Could not find vertex shader attribute 'Normal' to match BindAttributeLocation request.

[13:34:19] [Render thread/INFO] (Minecraft) Info log when linking program containing VS minecraft:core/rendertype_text_background_see_through and FS minecraft:core/rendertype_text_background_see_through. Log output: WARNING: Could not find vertex shader attribute 'UV2' to match BindAttributeLocation request.

[13:34:19] [Render thread/INFO] (Minecraft) OpenAL initialized on device MacBook Pro Speakers
[13:34:19] [Render thread/INFO] (Minecraft) Sound engine started
[13:34:19] [Render thread/INFO] (Minecraft) Created: 512x256x0 minecraft:textures/atlas/particles.png-atlas
[13:34:19] [Render thread/INFO] (Minecraft) Created: 128x128x0 minecraft:textures/atlas/decorated_pot.png-atlas
[13:34:19] [Render thread/INFO] (Minecraft) Created: 2048x1024x0 minecraft:textures/atlas/armor_trims.png-atlas
[13:34:19] [Render thread/INFO] (Minecraft) Created: 512x256x0 minecraft:textures/atlas/paintings.png-atlas
[13:34:19] [Render thread/INFO] (Minecraft) Created: 1024x512x0 minecraft:textures/atlas/shield_patterns.png-atlas
[13:34:19] [Render thread/INFO] (Minecraft) Created: 2048x2048x4 minecraft:textures/atlas/blocks.png-atlas
[13:34:19] [Render thread/INFO] (Minecraft) Created: 512x512x0 minecraft:textures/atlas/chest.png-atlas
[13:34:19] [Render thread/INFO] (Minecraft) Created: 256x128x0 minecraft:textures/atlas/celestials.png-atlas
[13:34:19] [Render thread/INFO] (Minecraft) Created: 1024x512x0 minecraft:textures/atlas/banner_patterns.png-atlas
[13:34:19] [Render thread/INFO] (Minecraft) Created: 512x512x0 minecraft:textures/atlas/beds.png-atlas
[13:34:19] [Render thread/INFO] (Minecraft) Created: 1024x512x0 minecraft:textures/atlas/items.png-atlas
[13:34:19] [Render thread/INFO] (Minecraft) Created: 1024x1024x0 minecraft:textures/atlas/gui.png-atlas
[13:34:19] [Render thread/INFO] (Minecraft) Created: 128x64x0 minecraft:textures/atlas/map_decorations.png-atlas
[13:34:19] [Render thread/INFO] (Minecraft) Created: 512x256x0 minecraft:textures/atlas/signs.png-atlas
[13:34:19] [Render thread/INFO] (Minecraft) Created: 512x512x0 minecraft:textures/atlas/shulker_boxes.png-atlas
[13:34:20] [IO-Worker-1/INFO] (Minecraft) Could not authorize you against Realms server: java.lang.RuntimeException: Failed to parse into SignedJWT: FabricMC
[13:34:20] [IO-Worker-1/ERROR] (Minecraft) Couldn't connect to realms
net.minecraft.client.realms.exception.RealmsServiceException: Realms authentication error with message 'java.lang.RuntimeException: Failed to parse into SignedJWT: FabricMC'
	at knot//net.minecraft.client.realms.RealmsClient.execute(RealmsClient.java:526)
	at knot//net.minecraft.client.realms.RealmsClient.clientCompatible(RealmsClient.java:307)
	at knot//net.minecraft.client.realms.RealmsAvailability.method_52627(RealmsAvailability.java:48)
	at java.base/java.util.concurrent.CompletableFuture$AsyncSupply.run(Unknown Source)
	at java.base/java.util.concurrent.ThreadPoolExecutor.runWorker(Unknown Source)
	at java.base/java.util.concurrent.ThreadPoolExecutor$Worker.run(Unknown Source)
	at java.base/java.lang.Thread.run(Unknown Source)
[13:34:24] [Render thread/INFO] (Minecraft) Loaded 1470 recipes
[13:34:24] [Render thread/INFO] (Minecraft) Loaded 1584 advancements
[13:34:24] [Render thread/INFO] (BiomeModificationImpl) Applied 108 biome modifications to 54 of 65 new biomes in 3.731 ms
[13:34:24] [Server thread/INFO] (Minecraft) Starting integrated minecraft server version 1.21.11
[13:34:24] [Server thread/INFO] (Minecraft) Generating keypair
[13:34:24] [Server thread/INFO] (Minecraft) Loading 0 persistent chunks...
[13:34:24] [Server thread/INFO] (Minecraft) Preparing spawn area: 16%
[13:34:25] [Server thread/INFO] (Minecraft) Loading 49 chunks for player spawn...
[13:34:25] [Server thread/INFO] (Minecraft) Preparing spawn area: 16%
[13:34:25] [Server thread/INFO] (Minecraft) Preparing spawn area: 100%
[13:34:25] [Server thread/INFO] (Minecraft) Time elapsed: 1018 ms
[13:34:25] [Server thread/INFO] (Minecraft) Player424[local:E:e2fc9b32] logged in with entity id 104 at (699.5896141401605, 71.5579250478294, -621.4911101407872)
[13:34:25] [Server thread/INFO] (Minecraft) Player424 joined the game
[13:34:25] [Render thread/INFO] (Minecraft) Loaded 3 advancements
[13:34:25] [Server thread/INFO] (Minecraft) Changing view distance to 16, from 10
[13:34:25] [Server thread/INFO] (Minecraft) Changing simulation distance to 12, from 0
[13:34:25] [Render thread/INFO] (Minecraft) Resizing Dynamic Transforms UBO, capacity limit of 2 reached during a single frame. New capacity will be 4.
[13:34:26] [Render thread/INFO] (Minecraft) Resizing Dynamic Transforms UBO, capacity limit of 4 reached during a single frame. New capacity will be 8.
[13:34:26] [Render thread/INFO] (Minecraft) Resizing Chunk Sections UBO, capacity limit of 2 reached during a single frame. New capacity will be 4.
[13:34:26] [Render thread/INFO] (Minecraft) Resizing Chunk Sections UBO, capacity limit of 4 reached during a single frame. New capacity will be 8.
[13:34:26] [Render thread/INFO] (Minecraft) Resizing Chunk Sections UBO, capacity limit of 8 reached during a single frame. New capacity will be 16.
[13:34:26] [Render thread/INFO] (Minecraft) Resizing Chunk Sections UBO, capacity limit of 16 reached during a single frame. New capacity will be 32.
[13:34:26] [Render thread/INFO] (Minecraft) Resizing Chunk Sections UBO, capacity limit of 32 reached during a single frame. New capacity will be 64.
[13:34:26] [Render thread/INFO] (Minecraft) Resizing Chunk Sections UBO, capacity limit of 64 reached during a single frame. New capacity will be 128.
[13:34:26] [Render thread/INFO] (Minecraft) Resizing Chunk Sections UBO, capacity limit of 128 reached during a single frame. New capacity will be 256.
[13:34:27] [Render thread/INFO] (Minecraft) Resizing Chunk Sections UBO, capacity limit of 256 reached during a single frame. New capacity will be 512.
[13:34:29] [Render thread/INFO] (Minecraft) Resizing Chunk Sections UBO, capacity limit of 512 reached during a single frame. New capacity will be 1024.
[13:34:51] [Server thread/INFO] (Minecraft) [Player424: Changed the block at 707, 62, -594]
[13:34:51] [Render thread/INFO] (Minecraft) [System] [CHAT] Changed the block at 707, 62, -594
[13:34:58] [Server thread/INFO] (Minecraft) Saving and pausing game...
[13:34:58] [Server thread/INFO] (Minecraft) Saving chunks for level 'ServerLevel[New World]'/minecraft:overworld
[13:34:58] [Server thread/INFO] (Minecraft) Saving chunks for level 'ServerLevel[New World]'/minecraft:the_end
[13:34:58] [Server thread/INFO] (Minecraft) Saving chunks for level 'ServerLevel[New World]'/minecraft:the_nether
[13:34:59] [Server thread/INFO] (Minecraft) Player424 lost connection: Disconnected
[13:34:59] [Server thread/INFO] (Minecraft) Player424 left the game
[13:34:59] [Server thread/INFO] (Minecraft) Stopping singleplayer server as player logged out
[13:34:59] [Server thread/INFO] (Minecraft) Stopping server
[13:34:59] [Server thread/INFO] (Minecraft) Saving players
[13:34:59] [Server thread/INFO] (Minecraft) Saving worlds
[13:34:59] [Server thread/INFO] (Minecraft) Saving chunks for level 'ServerLevel[New World]'/minecraft:overworld
[13:34:59] [Server thread/INFO] (Minecraft) Saving chunks for level 'ServerLevel[New World]'/minecraft:the_end
[13:34:59] [Server thread/INFO] (Minecraft) Saving chunks for level 'ServerLevel[New World]'/minecraft:the_nether
[13:34:59] [Server thread/INFO] (Minecraft) ThreadedAnvilChunkStorage (New World): All chunks are saved
[13:34:59] [Server thread/INFO] (Minecraft) ThreadedAnvilChunkStorage (DIM1): All chunks are saved
[13:34:59] [Server thread/INFO] (Minecraft) ThreadedAnvilChunkStorage (DIM-1): All chunks are saved
[13:34:59] [Server thread/INFO] (Minecraft) ThreadedAnvilChunkStorage: All dimensions are saved
[13:35:01] [Render thread/INFO] (Minecraft) Loaded 1470 recipes
[13:35:01] [Render thread/INFO] (Minecraft) Loaded 1584 advancements
[13:35:02] [Render thread/INFO] (BiomeModificationImpl) Applied 108 biome modifications to 54 of 65 new biomes in 1.229 ms
[13:35:02] [Server thread/INFO] (Minecraft) Starting integrated minecraft server version 1.21.11
[13:35:02] [Server thread/INFO] (Minecraft) Generating keypair
[13:35:02] [Server thread/INFO] (Minecraft) Selecting global world spawn...
[13:35:04] [Server thread/INFO] (Minecraft) Loading 0 persistent chunks...
[13:35:04] [Server thread/INFO] (Minecraft) Preparing spawn area: 16%
[13:35:04] [Server thread/INFO] (Minecraft) Loading 47 chunks for player spawn...
[13:35:04] [Server thread/INFO] (Minecraft) Preparing spawn area: 16%
[13:35:04] [Server thread/INFO] (Minecraft) Preparing spawn area: 16%
[13:35:04] [Server thread/INFO] (Minecraft) Preparing spawn area: 16%
[13:35:04] [Server thread/INFO] (Minecraft) Preparing spawn area: 16%
[13:35:05] [Server thread/INFO] (Minecraft) Preparing spawn area: 29%
[13:35:05] [Server thread/INFO] (Minecraft) Preparing spawn area: 57%
[13:35:05] [Server thread/INFO] (Minecraft) Time elapsed: 3261 ms
[13:35:06] [Server thread/INFO] (Minecraft) Player424[local:E:de5d1d23] logged in with entity id 822 at (-6.5, 71.0, 13.5)
[13:35:06] [Server thread/INFO] (Minecraft) Player424 joined the game
[13:35:06] [Server thread/INFO] (Minecraft) Changing view distance to 16, from 10
[13:35:06] [Server thread/INFO] (Minecraft) Changing simulation distance to 12, from 0
[13:35:06] [Render thread/INFO] (Minecraft) Loaded 2 advancements
[13:35:07] [Render thread/INFO] (Minecraft) Resizing Dynamic Transforms UBO, capacity limit of 8 reached during a single frame. New capacity will be 16.
[13:36:06] [Server thread/INFO] (Minecraft) [Player424: Changed the block at -151, 68, 91]
[13:36:06] [Render thread/INFO] (Minecraft) [System] [CHAT] Changed the block at -151, 68, 91
[13:36:09] [Render thread/INFO] (Minecraft) [System] [CHAT] Could not set the block
[13:36:11] [Render thread/INFO] (Minecraft) [System] [CHAT] Could not set the block
[13:36:14] [Render thread/INFO] (Minecraft) [System] [CHAT] Could not set the block
[13:36:28] [Server thread/INFO] (Minecraft) [Player424: Changed the block at -155, 70, 91]
[13:36:28] [Render thread/INFO] (Minecraft) [System] [CHAT] Changed the block at -155, 70, 91
[13:36:32] [Server thread/INFO] (Minecraft) [Player424: Changed the block at -154, 70, 91]
[13:36:32] [Render thread/INFO] (Minecraft) [System] [CHAT] Changed the block at -154, 70, 91
[13:36:34] [Server thread/INFO] (Minecraft) [Player424: Changed the block at -154, 70, 90]
[13:36:34] [Render thread/INFO] (Minecraft) [System] [CHAT] Changed the block at -154, 70, 90
[13:36:37] [Render thread/INFO] (Minecraft) [System] [CHAT] Could not set the block
[13:36:40] [Server thread/INFO] (Minecraft) [Player424: Changed the block at -154, 70, 88]
[13:36:40] [Render thread/INFO] (Minecraft) [System] [CHAT] Changed the block at -154, 70, 88
[13:36:42] [Server thread/INFO] (Minecraft) [Player424: Changed the block at -154, 70, 89]
[13:36:42] [Render thread/INFO] (Minecraft) [System] [CHAT] Changed the block at -154, 70, 89
[13:36:43] [Server thread/INFO] (Minecraft) [Player424: Changed the block at -156, 70, 89]
[13:36:43] [Render thread/INFO] (Minecraft) [System] [CHAT] Changed the block at -156, 70, 89
[13:36:46] [Server thread/INFO] (Minecraft) [Player424: Changed the block at -155, 70, 89]
[13:36:46] [Render thread/INFO] (Minecraft) [System] [CHAT] Changed the block at -155, 70, 89
[13:36:47] [Server thread/INFO] (Minecraft) [Player424: Changed the block at -155, 70, 90]
[13:36:47] [Render thread/INFO] (Minecraft) [System] [CHAT] Changed the block at -155, 70, 90
[13:36:49] [Server thread/INFO] (Minecraft) [Player424: Changed the block at -156, 70, 90]
[13:36:49] [Render thread/INFO] (Minecraft) [System] [CHAT] Changed the block at -156, 70, 90
[13:36:52] [Server thread/INFO] (Minecraft) [Player424: Changed the block at -151, 68, 91]
[13:36:52] [Render thread/INFO] (Minecraft) [System] [CHAT] Changed the block at -151, 68, 91
[13:36:54] [Server thread/INFO] (Minecraft) [Player424: Changed the block at -156, 70, 91]
[13:36:54] [Render thread/INFO] (Minecraft) [System] [CHAT] Changed the block at -156, 70, 91
[13:37:13] [IO-Worker-7/INFO] (Minecraft) System default audio device has changed!
[13:37:13] [Render thread/INFO] (Minecraft) OpenAL initialized on device Aaron's Airpods
[13:37:13] [Render thread/INFO] (Minecraft) Sound engine started
[13:37:16] [Server thread/INFO] (Minecraft) Saving and pausing game...
[13:37:16] [Server thread/INFO] (Minecraft) Saving chunks for level 'ServerLevel[New World]'/minecraft:overworld
[13:37:16] [Server thread/INFO] (Minecraft) Saving chunks for level 'ServerLevel[New World]'/minecraft:the_end
[13:37:16] [Server thread/INFO] (Minecraft) Saving chunks for level 'ServerLevel[New World]'/minecraft:the_nether
[13:37:32] [Render thread/INFO] (Minecraft) Loaded 5 advancements
[13:37:40] [Render thread/INFO] (Minecraft) Loaded 6 advancements
[13:37:47] [Server thread/INFO] (Minecraft) Saving and pausing game...
[13:37:47] [Server thread/INFO] (Minecraft) Saving chunks for level 'ServerLevel[New World]'/minecraft:overworld
[13:37:47] [Server thread/INFO] (Minecraft) Saving chunks for level 'ServerLevel[New World]'/minecraft:the_end
[13:37:47] [Server thread/INFO] (Minecraft) Saving chunks for level 'ServerLevel[New World]'/minecraft:the_nether
[13:37:48] [Server thread/INFO] (Minecraft) Player424 lost connection: Disconnected
[13:37:48] [Server thread/INFO] (Minecraft) Player424 left the game
[13:37:48] [Server thread/INFO] (Minecraft) Stopping singleplayer server as player logged out
[13:37:48] [Server thread/INFO] (Minecraft) Stopping server
[13:37:48] [Server thread/INFO] (Minecraft) Saving players
[13:37:48] [Server thread/INFO] (Minecraft) Saving worlds
[13:37:48] [Server thread/INFO] (Minecraft) Saving chunks for level 'ServerLevel[New World]'/minecraft:overworld
[13:37:48] [Server thread/INFO] (Minecraft) Saving chunks for level 'ServerLevel[New World]'/minecraft:the_end
[13:37:48] [Server thread/INFO] (Minecraft) Saving chunks for level 'ServerLevel[New World]'/minecraft:the_nether
[13:37:48] [Server thread/INFO] (Minecraft) ThreadedAnvilChunkStorage (New World (1)): All chunks are saved
[13:37:48] [Server thread/INFO] (Minecraft) ThreadedAnvilChunkStorage (DIM1): All chunks are saved
[13:37:48] [Server thread/INFO] (Minecraft) ThreadedAnvilChunkStorage (DIM-1): All chunks are saved
[13:37:48] [Server thread/INFO] (Minecraft) ThreadedAnvilChunkStorage: All dimensions are saved
[13:39:19] [Render thread/INFO] (Minecraft) Stopping!
